 PROCESS            1  OF           32  WORKING
 PROCESS           29  OF           32  WORKING
 PROCESS           11  OF           32  WORKING
 PROCESS            0  OF           32  WORKING
 PROCESS            2  OF           32  WORKING
 PROCESS            5  OF           32  WORKING
 PROCESS           10  OF           32  WORKING
 PROCESS            7  OF           32  WORKING
 PROCESS            3  OF           32  WORKING
 PROCESS           15  OF           32  WORKING
 PROCESS           20  OF           32  WORKING
 PROCESS           12  OF           32  WORKING
 PROCESS           16  OF           32  WORKING
 PROCESS           22  OF           32  WORKING
 PROCESS            8  OF           32  WORKING
 PROCESS            9  OF           32  WORKING
 PROCESS           25  OF           32  WORKING
 PROCESS            4  OF           32  WORKING
 PROCESS           19  OF           32  WORKING
 PROCESS           23  OF           32  WORKING
 PROCESS           13  OF           32  WORKING
 PROCESS           17  OF           32  WORKING
 PROCESS            6  OF           32  WORKING
 PROCESS           21  OF           32  WORKING
 PROCESS           27  OF           32  WORKING
 PROCESS           24  OF           32  WORKING
 PROCESS           18  OF           32  WORKING
 PROCESS           26  OF           32  WORKING
 PROCESS           14  OF           32  WORKING
 ERROR **** INPUT ****  END OF DATA IN INPUT DECK
 PROCESS           31  OF           32  WORKING
 PROCESS           28  OF           32  WORKING
 PROCESS           30  OF           32  WORKING
--------------------------------------------------------------------------
MPI_ABORT was invoked on rank 28 in communicator MPI_COMM_WORLD
with errorcode 1.

NOTE: invoking MPI_ABORT causes Open MPI to kill all MPI processes.
You may or may not see output from other processes, depending on
exactly when Open MPI kills them.
--------------------------------------------------------------------------
--------------------------------------------------------------------------
MPI_ABORT was invoked on rank 29 in communicator MPI_COMM_WORLD
with errorcode 1.

NOTE: invoking MPI_ABORT causes Open MPI to kill all MPI processes.
You may or may not see output from other processes, depending on
exactly when Open MPI kills them.
--------------------------------------------------------------------------
--------------------------------------------------------------------------
MPI_ABORT was invoked on rank 30 in communicator MPI_COMM_WORLD
with errorcode 1.

NOTE: invoking MPI_ABORT causes Open MPI to kill all MPI processes.
You may or may not see output from other processes, depending on
exactly when Open MPI kills them.
--------------------------------------------------------------------------
--------------------------------------------------------------------------
MPI_ABORT was invoked on rank 31 in communicator MPI_COMM_WORLD
with errorcode 1.

NOTE: invoking MPI_ABORT causes Open MPI to kill all MPI processes.
You may or may not see output from other processes, depending on
exactly when Open MPI kills them.
--------------------------------------------------------------------------
 TTTTTTTTTTTTTTTTTTTTTTTTTTTTTT ERR         TELAPSE        3.99 TCPU        0.68
slurmstepd: error: *** STEP 26894167.0 ON lac-396 CANCELLED AT 2023-12-04T22:28:40 ***
srun: Job step aborted: Waiting up to 32 seconds for job step to finish.
srun: error: lac-398: tasks 28,31: Exited with exit code 1
srun: error: lac-398: tasks 29-30: Exited with exit code 1
srun: error: lac-396: tasks 0-27: Killed
