Building DAG of jobs...
Using shell: /usr/bin/bash
Provided cores: 4
Rules claiming more threads will be scaled down.
Job stats:
job                         count
------------------------  -------
create_BULK_d12_from_cif        1
total                           1

Select jobs to execute...

[Mon Dec  4 17:34:39 2023]
rule create_BULK_d12_from_cif:
    input: data/WTe2.cif
    output: result1/WTe2_BULK_OPTGEOM_TZ.d12
    jobid: 0
    reason: Missing output files: result1/WTe2_BULK_OPTGEOM_TZ.d12
    resources: tmpdir=/tmp

[Mon Dec  4 17:34:39 2023]
Error in rule create_BULK_d12_from_cif:
    jobid: 0
    input: data/WTe2.cif
    output: result1/WTe2_BULK_OPTGEOM_TZ.d12
    shell:
        'python scripts/create_BULK_d12_from_cif.py data/WTe2.cif > result1/WTe2_BULK_OPTGEOM_TZ.d12' && cp /mnt/home/buliyami/Computational_Workflow_Project_for_2D_Materials/snakemake_envr/result1/WTe2_BULK_OPTGEOM_TZ.d12 cp /mnt/home/buliyami/Computational_Workflow_Project_for_2D_Materials/snakemake_envr/result2/
        (one of the commands exited with non-zero exit code; note that snakemake uses bash strict mode!)

Shutting down, this might take some time.
Exiting because a job execution failed. Look above for error message
Complete log: .snakemake/log/2023-12-04T173439.374618.snakemake.log
