Building DAG of jobs...
Using shell: /usr/bin/bash
Provided cores: 1 (use --cores to define parallelism)
Rules claiming more threads will be scaled down.
Job stats:
job                         count
------------------------  -------
create_BULK_d12_from_cif        1
total                           1

Select jobs to execute...

[Mon Dec  4 19:12:08 2023]
rule create_BULK_d12_from_cif:
    input: data1/WTe2.cif
    output: result1/WTe2_BULK_OPTGEOM_TZ.d12
    jobid: 0
    reason: Missing output files: result1/WTe2_BULK_OPTGEOM_TZ.d12
    resources: tmpdir=/tmp

RuleException in rule create_BULK_d12_from_cif in file /mnt/ufs18/home-216/buliyami/Computational_Workflow_Project_for_2D_Materials/snakemake_envr/Snakefile, line 2:
AttributeError: 'OutputFiles' object has no attribute 'data_out1', when formatting the following:
python scripts/create_BULK_d12_from_cif.py {input.data_in1} > {output.data_out1}&&cp {output.data_out1} data2/&&cp scripts/submitcrystal17.sh data2/
