Building DAG of jobs...
Using shell: /usr/bin/bash
Provided cores: 4
Rules claiming more threads will be scaled down.
Job stats:
job                      count
---------------------  -------
all                          1
convert_output_to_cif        1
total                        2

Select jobs to execute...

[Fri Dec  8 17:25:13 2023]
rule convert_output_to_cif:
    input: data2/WTe2_BULK_OPTGEOM_TZ.out
    output: data3/WTe2_BULK_OPTGEOM_TZ.cif
    jobid: 3
    reason: Missing output files: data3/WTe2_BULK_OPTGEOM_TZ.cif
    resources: tmpdir=/tmp

[Fri Dec  8 17:25:13 2023]
Finished job 3.
1 of 2 steps (50%) done
Select jobs to execute...

[Fri Dec  8 17:25:13 2023]
localrule all:
    input: result1/WTe2_BULK_OPTGEOM_TZ.d12, result2/completelist.csv, result2/errorlist.csv, data3/WTe2_BULK_OPTGEOM_TZ.cif
    jobid: 0
    reason: Input files updated by another job: data3/WTe2_BULK_OPTGEOM_TZ.cif
    resources: tmpdir=/tmp

[Fri Dec  8 17:25:13 2023]
Finished job 0.
2 of 2 steps (100%) done
Complete log: .snakemake/log/2023-12-08T172511.692848.snakemake.log
