Building DAG of jobs...
Using shell: /usr/bin/bash
Provided cores: 2
Rules claiming more threads will be scaled down.
Job stats:
job                         count
------------------------  -------
all                             1
check_errored_output            1
convert_output_to_cif           1
create_BULK_d12_from_cif        1
run_crystal17                   1
total                           5

Select jobs to execute...

[Fri Dec  8 17:00:01 2023]
rule create_BULK_d12_from_cif:
    input: data1/WTe2.cif
    output: result1/WTe2_BULK_OPTGEOM_TZ.d12
    jobid: 1
    reason: Missing output files: result1/WTe2_BULK_OPTGEOM_TZ.d12
    resources: tmpdir=/tmp


[Fri Dec  8 17:00:01 2023]
rule run_crystal17:
    input: data2/submitcrystal17.sh, data2/WTe2_BULK_OPTGEOM_TZ.d12
    output: data2/WTe2_BULK_OPTGEOM_TZ.out
    jobid: 2
    reason: Missing output files: data2/WTe2_BULK_OPTGEOM_TZ.out
    resources: tmpdir=/tmp

[Fri Dec  8 17:00:01 2023]
Error in rule run_crystal17:
    jobid: 2
    input: data2/submitcrystal17.sh, data2/WTe2_BULK_OPTGEOM_TZ.d12
    output: data2/WTe2_BULK_OPTGEOM_TZ.out
    shell:
        python data2/submitcrystal17.py data2/submitcrystal17.sh data2/WTe2_BULK_OPTGEOM_TZ.d12 data2/WTe2_BULK_OPTGEOM_TZ.out
        (one of the commands exited with non-zero exit code; note that snakemake uses bash strict mode!)

[Fri Dec  8 17:00:07 2023]
Finished job 1.
1 of 5 steps (20%) done
Shutting down, this might take some time.
Exiting because a job execution failed. Look above for error message
Complete log: .snakemake/log/2023-12-08T170001.549500.snakemake.log
