Building DAG of jobs...
Using shell: /usr/bin/bash
Provided cores: 4
Rules claiming more threads will be scaled down.
Job stats:
job                         count
------------------------  -------
all                             1
check_errored_output            1
convert_output_to_cif           1
create_BULK_d12_from_cif        1
total                           4

Select jobs to execute...

[Fri Dec  8 17:33:30 2023]
rule create_BULK_d12_from_cif:
    input: data1/WTe2.cif
    output: result1/WTe2_BULK_OPTGEOM_TZ.d12
    jobid: 1
    reason: Missing output files: result1/WTe2_BULK_OPTGEOM_TZ.d12
    resources: tmpdir=/tmp


[Fri Dec  8 17:33:30 2023]
rule check_errored_output:
    input: data2/WTe2_BULK_OPTGEOM_TZ.out
    output: result2/completelist.csv, result2/errorlist.csv
    jobid: 2
    reason: Missing output files: result2/completelist.csv, result2/errorlist.csv; Code has changed since last execution
    resources: tmpdir=/tmp


[Fri Dec  8 17:33:30 2023]
rule convert_output_to_cif:
    input: data2/WTe2_BULK_OPTGEOM_TZ.out
    output: data3/WTe2_BULK_OPTGEOM_TZ.cif
    jobid: 3
    reason: Missing output files: data3/WTe2_BULK_OPTGEOM_TZ.cif
    resources: tmpdir=/tmp

[Fri Dec  8 17:33:30 2023]
Finished job 3.
1 of 4 steps (25%) done
[Fri Dec  8 17:33:36 2023]
Finished job 2.
2 of 4 steps (50%) done
[Fri Dec  8 17:33:36 2023]
Finished job 1.
3 of 4 steps (75%) done
Select jobs to execute...

[Fri Dec  8 17:33:36 2023]
localrule all:
    input: result1/WTe2_BULK_OPTGEOM_TZ.d12, result2/completelist.csv, result2/errorlist.csv, data3/WTe2_BULK_OPTGEOM_TZ.cif
    jobid: 0
    reason: Input files updated by another job: data3/WTe2_BULK_OPTGEOM_TZ.cif, result2/completelist.csv, result2/errorlist.csv, result1/WTe2_BULK_OPTGEOM_TZ.d12
    resources: tmpdir=/tmp

[Fri Dec  8 17:33:36 2023]
Finished job 0.
4 of 4 steps (100%) done
Complete log: .snakemake/log/2023-12-08T173330.032835.snakemake.log
