Building DAG of jobs...
Using shell: /usr/bin/bash
Provided cores: 2
Rules claiming more threads will be scaled down.
Job stats:
job                         count
------------------------  -------
create_BULK_d12_from_cif        1
total                           1

Select jobs to execute...

[Mon Dec  4 19:03:49 2023]
rule create_BULK_d12_from_cif:
    input: data1/WTe2.cif
    output: result1/WTe2_BULK_OPTGEOM_TZ.d12
    jobid: 0
    reason: Missing output files: result1/WTe2_BULK_OPTGEOM_TZ.d12
    resources: tmpdir=/tmp

[Mon Dec  4 19:03:50 2023]
Error in rule create_BULK_d12_from_cif:
    jobid: 0
    input: data1/WTe2.cif
    output: result1/WTe2_BULK_OPTGEOM_TZ.d12
    shell:
        python scripts/create_BULK_d12_from_cif.py data1/WTe2.cif > result1/WTe2_BULK_OPTGEOM_TZ.d12&&cp result1/WTe2_BULK_OPTGEOM_TZ.d12 data2/&&cp scripts/submitcrystal17 data2/
        (one of the commands exited with non-zero exit code; note that snakemake uses bash strict mode!)

Removing output files of failed job create_BULK_d12_from_cif since they might be corrupted:
result1/WTe2_BULK_OPTGEOM_TZ.d12
Shutting down, this might take some time.
Exiting because a job execution failed. Look above for error message
Complete log: .snakemake/log/2023-12-04T190349.637720.snakemake.log
