Building DAG of jobs...
Using shell: /usr/bin/bash
Provided cores: 4
Rules claiming more threads will be scaled down.
Job stats:
job                         count
------------------------  -------
all                             1
check_errored_output            1
convert_output_to_cif           1
create_BULK_d12_from_cif        1
total                           4

Select jobs to execute...

[Fri Dec  8 17:21:19 2023]
rule create_BULK_d12_from_cif:
    input: data1/WTe2.cif
    output: result1/WTe2_BULK_OPTGEOM_TZ.d12
    jobid: 1
    reason: Missing output files: result1/WTe2_BULK_OPTGEOM_TZ.d12
    resources: tmpdir=/tmp


[Fri Dec  8 17:21:19 2023]
rule check_errored_output:
    input: data2/WTe2_BULK_OPTGEOM_TZ.out
    output: result2/completelist.csv, result2/errorlist.csv
    jobid: 2
    reason: Missing output files: result2/completelist.csv, result2/errorlist.csv
    resources: tmpdir=/tmp


[Fri Dec  8 17:21:19 2023]
rule convert_output_to_cif:
    input: data2/WTe2_BULK_OPTGEOM_TZ.out
    output: data3/WTe2_BULK_OPTGEOM_TZ.cif
    jobid: 3
    reason: Missing output files: data3/WTe2_BULK_OPTGEOM_TZ.cif
    resources: tmpdir=/tmp

[Fri Dec  8 17:21:19 2023]
Error in rule convert_output_to_cif:
    jobid: 3
    input: data2/WTe2_BULK_OPTGEOM_TZ.out
    output: data3/WTe2_BULK_OPTGEOM_TZ.cif
    shell:
        python data3/CRYSTAL2cif.py data2/WTe2_BULK_OPTGEOM_TZ.out data3/WTe2_BULK_OPTGEOM_TZ.cif
        (one of the commands exited with non-zero exit code; note that snakemake uses bash strict mode!)

[Fri Dec  8 17:21:23 2023]
Finished job 2.
1 of 4 steps (25%) done
[Fri Dec  8 17:21:24 2023]
Finished job 1.
2 of 4 steps (50%) done
Shutting down, this might take some time.
Exiting because a job execution failed. Look above for error message
Complete log: .snakemake/log/2023-12-08T172117.668147.snakemake.log
